<?xml version="1.0" encoding="UTF-8"?>
<testng-results ignored="0" total="1" passed="1" failed="0" skipped="0">
  <reporter-output>
  </reporter-output>
  <suite started-at="2026-03-23T15:10:43 IST" name="Default suite" finished-at="2026-03-23T15:10:53 IST" duration-ms="9525">
    <groups>
    </groups>
    <test started-at="2026-03-23T15:10:43 IST" name="Default test" finished-at="2026-03-23T15:10:53 IST" duration-ms="9525">
      <class name="api.UserApiTest">
        <test-method signature="userApiTest()[pri:0, instance:api.UserApiTest@2af004b]" started-at="2026-03-23T15:10:43 IST" name="userApiTest" finished-at="2026-03-23T15:10:53 IST" duration-ms="9360" status="PASS">
          <reporter-output>
          </reporter-output>
        </test-method> <!-- userApiTest -->
      </class> <!-- api.UserApiTest -->
    </test> <!-- Default test -->
  </suite> <!-- Default suite -->
</testng-results>
